<?xml version="1.0" encoding="UTF-8"?>
<testng-results skipped="0" failed="0" ignored="0" total="2" passed="2">
  <reporter-output>
  </reporter-output>
  <suite name="Suite" duration-ms="19624" started-at="2021-02-11T11:34:32Z" finished-at="2021-02-11T11:34:51Z">
    <groups>
    </groups>
    <test name="FirstTest" duration-ms="10323" started-at="2021-02-11T11:34:32Z" finished-at="2021-02-11T11:34:42Z">
      <class name="com.redbus.tests.SortByTest">
        <test-method status="PASS" signature="setExtent()[pri:0, instance:com.redbus.tests.SortByTest@657c8ad9]" name="setExtent" is-config="true" duration-ms="77" started-at="2021-02-11T11:34:32Z" finished-at="2021-02-11T11:34:32Z">
          <reporter-output>
          </reporter-output>
        </test-method> <!-- setExtent -->
        <test-method status="PASS" signature="driverInitialize(java.lang.String)[pri:0, instance:com.redbus.tests.SortByTest@657c8ad9]" name="driverInitialize" is-config="true" duration-ms="4255" started-at="2021-02-11T11:34:32Z" finished-at="2021-02-11T11:34:36Z">
          <params>
            <param index="0">
              <value>
                <![CDATA[chrome]]>
              </value>
            </param>
          </params>
          <reporter-output>
          </reporter-output>
        </test-method> <!-- driverInitialize -->
        <test-method status="PASS" signature="Sort_By()[pri:0, instance:com.redbus.tests.SortByTest@657c8ad9]" name="Sort_By" duration-ms="5202" started-at="2021-02-11T11:34:36Z" finished-at="2021-02-11T11:34:41Z">
          <reporter-output>
          </reporter-output>
        </test-method> <!-- Sort_By -->
        <test-method status="PASS" signature="closeBrowser(org.testng.ITestResult)[pri:0, instance:com.redbus.tests.SortByTest@657c8ad9]" name="closeBrowser" is-config="true" duration-ms="564" started-at="2021-02-11T11:34:41Z" finished-at="2021-02-11T11:34:42Z">
          <params>
            <param index="0">
              <value>
                <![CDATA[[TestResult name=Sort_By status=SUCCESS method=SortByTest.Sort_By()[pri:0, instance:com.redbus.tests.SortByTest@657c8ad9] output={null}]]]>
              </value>
            </param>
          </params>
          <reporter-output>
          </reporter-output>
        </test-method> <!-- closeBrowser -->
        <test-method status="PASS" signature="endReport()[pri:0, instance:com.redbus.tests.SortByTest@657c8ad9]" name="endReport" is-config="true" duration-ms="208" started-at="2021-02-11T11:34:42Z" finished-at="2021-02-11T11:34:42Z">
          <reporter-output>
          </reporter-output>
        </test-method> <!-- endReport -->
      </class> <!-- com.redbus.tests.SortByTest -->
    </test> <!-- FirstTest -->
    <test name="SecondTest" duration-ms="9289" started-at="2021-02-11T11:34:42Z" finished-at="2021-02-11T11:34:51Z">
      <class name="com.redbus.tests.SortByTest">
        <test-method status="PASS" signature="setExtent()[pri:0, instance:com.redbus.tests.SortByTest@7fc229ab]" name="setExtent" is-config="true" duration-ms="3" started-at="2021-02-11T11:34:42Z" finished-at="2021-02-11T11:34:42Z">
          <reporter-output>
          </reporter-output>
        </test-method> <!-- setExtent -->
        <test-method status="PASS" signature="driverInitialize(java.lang.String)[pri:0, instance:com.redbus.tests.SortByTest@7fc229ab]" name="driverInitialize" is-config="true" duration-ms="3319" started-at="2021-02-11T11:34:42Z" finished-at="2021-02-11T11:34:45Z">
          <params>
            <param index="0">
              <value>
                <![CDATA[firefox]]>
              </value>
            </param>
          </params>
          <reporter-output>
          </reporter-output>
        </test-method> <!-- driverInitialize -->
        <test-method status="PASS" signature="Sort_By()[pri:0, instance:com.redbus.tests.SortByTest@7fc229ab]" name="Sort_By" duration-ms="5267" started-at="2021-02-11T11:34:45Z" finished-at="2021-02-11T11:34:51Z">
          <reporter-output>
          </reporter-output>
        </test-method> <!-- Sort_By -->
        <test-method status="PASS" signature="closeBrowser(org.testng.ITestResult)[pri:0, instance:com.redbus.tests.SortByTest@7fc229ab]" name="closeBrowser" is-config="true" duration-ms="633" started-at="2021-02-11T11:34:51Z" finished-at="2021-02-11T11:34:51Z">
          <params>
            <param index="0">
              <value>
                <![CDATA[[TestResult name=Sort_By status=SUCCESS method=SortByTest.Sort_By()[pri:0, instance:com.redbus.tests.SortByTest@7fc229ab] output={null}]]]>
              </value>
            </param>
          </params>
          <reporter-output>
          </reporter-output>
        </test-method> <!-- closeBrowser -->
        <test-method status="PASS" signature="endReport()[pri:0, instance:com.redbus.tests.SortByTest@7fc229ab]" name="endReport" is-config="true" duration-ms="64" started-at="2021-02-11T11:34:51Z" finished-at="2021-02-11T11:34:51Z">
          <reporter-output>
          </reporter-output>
        </test-method> <!-- endReport -->
      </class> <!-- com.redbus.tests.SortByTest -->
    </test> <!-- SecondTest -->
  </suite> <!-- Suite -->
</testng-results>
